<?xml version="1.0" encoding="UTF-8"?>
<testsuite name="br.com.codenation.BillingProcessorSubmitTest" tests="4" skipped="0" failures="0" errors="0" timestamp="2020-08-08T18:42:52" hostname="DESKTOP-GJOIBBN" time="0.438">
  <properties/>
  <testcase name="testCashPayment" classname="br.com.codenation.BillingProcessorSubmitTest" time="0.368"/>
  <testcase name="testTransferPayment" classname="br.com.codenation.BillingProcessorSubmitTest" time="0.022"/>
  <testcase name="testDebitCardPayment" classname="br.com.codenation.BillingProcessorSubmitTest" time="0.024"/>
  <testcase name="testCreditCardPayment" classname="br.com.codenation.BillingProcessorSubmitTest" time="0.024"/>
  <system-out><![CDATA[]]></system-out>
  <system-err><![CDATA[]]></system-err>
</testsuite>
