<?xml version="1.0" encoding="UTF-8"?>
<testsuite name="br.com.codenation.calculadora.CalculadoraSalarioSubmitTest" tests="13" skipped="0" failures="0" errors="0" timestamp="2020-06-18T06:18:23" hostname="DESKTOP-GJOIBBN" time="0.02">
  <properties/>
  <testcase name="salarioBruto50000Liquido" classname="br.com.codenation.calculadora.CalculadoraSalarioSubmitTest" time="0.007"/>
  <testcase name="salarioBruto4000e1Liquido" classname="br.com.codenation.calculadora.CalculadoraSalarioSubmitTest" time="0.001"/>
  <testcase name="salarioBruto1500Liquido1380" classname="br.com.codenation.calculadora.CalculadoraSalarioSubmitTest" time="0.001"/>
  <testcase name="salarioBruto1031e99Liquido0" classname="br.com.codenation.calculadora.CalculadoraSalarioSubmitTest" time="0.0"/>
  <testcase name="salarioBruto6750Liquido5106" classname="br.com.codenation.calculadora.CalculadoraSalarioSubmitTest" time="0.001"/>
  <testcase name="salarioBruto1000Liquido0" classname="br.com.codenation.calculadora.CalculadoraSalarioSubmitTest" time="0.001"/>
  <testcase name="salarioBruto6700Liquido" classname="br.com.codenation.calculadora.CalculadoraSalarioSubmitTest" time="0.0"/>
  <testcase name="salarioBruto6000Liquido4940" classname="br.com.codenation.calculadora.CalculadoraSalarioSubmitTest" time="0.0"/>
  <testcase name="salarioBruto1032Liquido949" classname="br.com.codenation.calculadora.CalculadoraSalarioSubmitTest" time="0.0"/>
  <testcase name="salarioBruto4000Liquido" classname="br.com.codenation.calculadora.CalculadoraSalarioSubmitTest" time="0.001"/>
  <testcase name="salarioBruto3290Liquido2994" classname="br.com.codenation.calculadora.CalculadoraSalarioSubmitTest" time="0.001"/>
  <testcase name="salarioBruto1500e1Liquido1365" classname="br.com.codenation.calculadora.CalculadoraSalarioSubmitTest" time="0.001"/>
  <testcase name="salarioBrutoNegativoLiquido0" classname="br.com.codenation.calculadora.CalculadoraSalarioSubmitTest" time="0.001"/>
  <system-out><![CDATA[]]></system-out>
  <system-err><![CDATA[DESC INSS: 5500.0
44500.0@@@@@@@@
DESC IRRF: 6675.0
44500.0@@@@@@@@
DESC INSS: 440.0
3560.01@@@@@@@@
DESC IRRF: 267.00075
3560.01@@@@@@@@
DESC INSS: 120.0
1380.0@@@@@@@@
DESC IRRF: 0.0
1380.0@@@@@@@@
DESC INSS: 743.0
6007.0@@@@@@@@
DESC IRRF: 901.05
6007.0@@@@@@@@
DESC INSS: 737.0
5963.0@@@@@@@@
DESC IRRF: 447.22499999999997
5963.0@@@@@@@@
DESC INSS: 660.0
5340.0@@@@@@@@
DESC IRRF: 400.5
5340.0@@@@@@@@
DESC INSS: 296.0
2994.0@@@@@@@@
DESC IRRF: 0.0
2994.0@@@@@@@@
DESC INSS: 296.0
2994.0@@@@@@@@
DESC IRRF: 0.0
2994.0@@@@@@@@
DESC INSS: 135.0
1365.01@@@@@@@@
DESC IRRF: 0.0
1365.01@@@@@@@@
]]></system-err>
</testsuite>
